<?xml version="1.0" encoding="UTF-8"?>
<!-- Generated by org.testng.reporters.JUnitReportReporter -->
<testsuite hostname="Shah" failures="0" tests="1" name="insurance.qa.testcases.PersonalDetailTest" time="0.000" errors="0" timestamp="25 Nov 2019 05:28:54 GMT" skipped="1">
  <testcase classname="insurance.qa.testcases.PersonalDetailTest" name="Personaldetailtest" time="0.000">
    <skipped/>
  </testcase> <!-- Personaldetailtest -->
</testsuite> <!-- insurance.qa.testcases.PersonalDetailTest -->
